#
# There is insufficient memory for the Java Runtime Environment to continue.
# Native memory allocation (malloc) failed to allocate 32744 bytes for ChunkPool::allocate
# Possible reasons:
#   The system is out of physical RAM or swap space
#   In 32 bit mode, the process size limit was hit
# Possible solutions:
#   Reduce memory load on the system
#   Increase physical memory or swap space
#   Check if swap backing store is full
#   Use 64 bit Java on a 64 bit OS
#   Decrease Java heap size (-Xmx/-Xms)
#   Decrease number of Java threads
#   Decrease Java thread stack sizes (-Xss)
#   Set larger code cache with -XX:ReservedCodeCacheSize=
# This output file may be truncated or incomplete.
#
#  Out of Memory Error (allocation.cpp:273), pid=3036, tid=0x0000000000001e30
#
# JRE version: Java(TM) SE Runtime Environment (8.0_162-b12) (build 1.8.0_162-b12)
# Java VM: Java HotSpot(TM) 64-Bit Server VM (25.162-b12 mixed mode windows-amd64 compressed oops)
# Failed to write core dump. Minidumps are not enabled by default on client versions of Windows
#

---------------  T H R E A D  ---------------

Current thread (0x000000001940c000):  JavaThread "C2 CompilerThread1" daemon [_thread_in_native, id=7728, stack(0x0000000019b70000,0x0000000019c70000)]

Stack: [0x0000000019b70000,0x0000000019c70000]
[error occurred during error reporting (printing stack bounds), id 0xc0000005]

Native frames: (J=compiled Java code, j=interpreted, Vv=VM code, C=native code)


Current CompileTask:
C2:  13592 8363       4       org.springframework.core.ResolvableType::as (81 bytes)


---------------  P R O C E S S  ---------------

Java Threads: ( => current thread )
  0x000000001f692000 JavaThread "http-nio-8769-AsyncTimeout" daemon [_thread_blocked, id=5096, stack(0x0000000025830000,0x0000000025930000)]
  0x000000001f688800 JavaThread "http-nio-8769-Acceptor-0" daemon [_thread_in_native, id=16360, stack(0x0000000025730000,0x0000000025830000)]
  0x000000001f68b800 JavaThread "http-nio-8769-ClientPoller-1" daemon [_thread_in_native, id=11648, stack(0x0000000025630000,0x0000000025730000)]
  0x000000001f68a800 JavaThread "http-nio-8769-ClientPoller-0" daemon [_thread_in_native, id=12932, stack(0x0000000025530000,0x0000000025630000)]
  0x000000001f68f000 JavaThread "NioBlockingSelector.BlockPoller-1" daemon [_thread_in_native, id=3520, stack(0x0000000025430000,0x0000000025530000)]
  0x000000001f68e800 JavaThread "HystrixMetricPoller" daemon [_thread_blocked, id=16008, stack(0x0000000025330000,0x0000000025430000)]
  0x000000001f689000 JavaThread "DiscoveryClient-InstanceInfoReplicator-0" daemon [_thread_blocked, id=12328, stack(0x0000000025230000,0x0000000025330000)]
  0x000000001f687000 JavaThread "DiscoveryClient-1" daemon [_thread_blocked, id=7788, stack(0x0000000025130000,0x0000000025230000)]
  0x000000001f68c000 JavaThread "DiscoveryClient-0" daemon [_thread_blocked, id=15464, stack(0x0000000025030000,0x0000000025130000)]
  0x000000001f68a000 JavaThread "AsyncResolver-bootstrap-0" daemon [_thread_blocked, id=14200, stack(0x00000000246e0000,0x00000000247e0000)]
  0x000000001f68d800 JavaThread "Eureka-JerseyClient-Conn-Cleaner2" daemon [_thread_blocked, id=15744, stack(0x00000000245e0000,0x00000000246e0000)]
  0x000000001f68d000 JavaThread "Eureka-JerseyClient-Conn-Cleaner2" daemon [_thread_blocked, id=548, stack(0x00000000244e0000,0x00000000245e0000)]
  0x000000001f686000 JavaThread "RxIoScheduler-1 (Evictor)" daemon [_thread_blocked, id=6640, stack(0x00000000239c0000,0x0000000023ac0000)]
  0x000000001f687800 JavaThread "container-0" [_thread_blocked, id=7400, stack(0x00000000238c0000,0x00000000239c0000)]
  0x000000001d638800 JavaThread "ContainerBackgroundProcessor[StandardEngine[Tomcat]]" daemon [_thread_blocked, id=15716, stack(0x00000000237c0000,0x00000000238c0000)]
  0x000000001d637000 JavaThread "SimpleHostRoutingFilter.connectionManagerTimer" daemon [_thread_blocked, id=9408, stack(0x0000000023400000,0x0000000023500000)]
  0x000000001d636000 JavaThread "spring.cloud.inetutils" daemon [_thread_blocked, id=3080, stack(0x0000000023050000,0x0000000023150000)]
  0x000000001d637800 JavaThread "localhost-startStop-1" daemon [_thread_blocked, id=15704, stack(0x0000000022f50000,0x0000000023050000)]
  0x000000001d634800 JavaThread "Tomcat-startStop-1" daemon [_thread_blocked, id=5936, stack(0x0000000021c40000,0x0000000021d40000)]
  0x0000000019414800 JavaThread "Service Thread" daemon [_thread_blocked, id=1912, stack(0x0000000019d70000,0x0000000019e70000)]
  0x000000001940f000 JavaThread "C1 CompilerThread2" daemon [_thread_blocked, id=12516, stack(0x0000000019c70000,0x0000000019d70000)]
=>0x000000001940c000 JavaThread "C2 CompilerThread1" daemon [_thread_in_native, id=7728, stack(0x0000000019b70000,0x0000000019c70000)]
  0x00000000193a9800 JavaThread "C2 CompilerThread0" daemon [_thread_in_native, id=12912, stack(0x0000000019a70000,0x0000000019b70000)]
  0x0000000019437000 JavaThread "Monitor Ctrl-Break" daemon [_thread_in_native, id=16280, stack(0x0000000019970000,0x0000000019a70000)]
  0x0000000018066800 JavaThread "Attach Listener" daemon [_thread_blocked, id=3252, stack(0x0000000019870000,0x0000000019970000)]
  0x0000000019380800 JavaThread "Signal Dispatcher" daemon [_thread_blocked, id=5976, stack(0x0000000019770000,0x0000000019870000)]
  0x0000000017ffa800 JavaThread "Finalizer" daemon [_thread_blocked, id=3400, stack(0x0000000019270000,0x0000000019370000)]
  0x0000000003491800 JavaThread "Reference Handler" daemon [_thread_blocked, id=10416, stack(0x0000000019170000,0x0000000019270000)]
  0x000000000309e000 JavaThread "main" [_thread_blocked, id=15712, stack(0x00000000030a0000,0x00000000031a0000)]

Other Threads:
  0x0000000017fd8800 VMThread [stack: 0x0000000019070000,0x0000000019170000] [id=14716]
  0x0000000019418000 WatcherThread [stack: 0x0000000019e70000,0x0000000019f70000] [id=1764]

VM state:not at safepoint (normal execution)

VM Mutex/Monitor currently owned by a thread: None

Heap:
 PSYoungGen      total 394752K, used 256657K [0x00000000d5c00000, 0x00000000ef800000, 0x0000000100000000)
  eden space 368640K, 69% used [0x00000000d5c00000,0x00000000e56a47d0,0x00000000ec400000)
  from space 26112K, 0% used [0x00000000ede80000,0x00000000ede80000,0x00000000ef800000)
  to   space 26624K, 0% used [0x00000000ec400000,0x00000000ec400000,0x00000000ede00000)
 ParOldGen       total 194560K, used 64651K [0x0000000081400000, 0x000000008d200000, 0x00000000d5c00000)
  object space 194560K, 33% used [0x0000000081400000,0x0000000085322ef0,0x000000008d200000)
 Metaspace       used 64625K, capacity 65734K, committed 66088K, reserved 1107968K
  class space    used 8122K, capacity 8421K, committed 8488K, reserved 1048576K

Card table byte_map: [0x0000000012860000,0x0000000012c60000] byte_map_base: 0x0000000012456000

Marking Bits: (ParMarkBitMap*) 0x000000005d1b0860
 Begin Bits: [0x0000000013310000, 0x00000000152c0000)
 End Bits:   [0x00000000152c0000, 0x0000000017270000)

Polling page: 0x0000000002c80000

CodeCache: size=245760Kb used=24700Kb max_used=24903Kb free=221059Kb
 bounds [0x00000000034a0000, 0x0000000004d20000, 0x00000000124a0000]
 total_blobs=7580 nmethods=7035 adapters=457
 compilation: enabled

Compilation events (10 events):
Event: 13.342 Thread 0x000000001940f000 8443       2       org.springframework.context.event.GenericApplicationListenerAdapter::resolveDeclaredEventType (44 bytes)
Event: 13.342 Thread 0x000000001940f000 nmethod 8443 0x00000000036f90d0 code [0x00000000036f92e0, 0x00000000036f98e8]
Event: 13.343 Thread 0x000000001940f000 8445       1       org.springframework.context.event.SimpleApplicationEventMulticaster::getTaskExecutor (5 bytes)
Event: 13.343 Thread 0x000000001940f000 nmethod 8445 0x00000000036d2350 code [0x00000000036d24a0, 0x00000000036d25b0]
Event: 13.343 Thread 0x000000001940f000 8446       1       org.springframework.context.event.SimpleApplicationEventMulticaster::getErrorHandler (5 bytes)
Event: 13.343 Thread 0x000000001940f000 nmethod 8446 0x00000000038198d0 code [0x0000000003819a20, 0x0000000003819b30]
Event: 13.414 Thread 0x000000001940c000 nmethod 8343 0x000000000475d490 code [0x000000000475d940, 0x0000000004763510]
Event: 13.414 Thread 0x000000001940c000 8367       4       java.lang.Class::annotationData (44 bytes)
Event: 13.422 Thread 0x000000001940c000 nmethod 8367 0x0000000003b0de90 code [0x0000000003b0e060, 0x0000000003b0e7e0]
Event: 13.423 Thread 0x000000001940c000 8363       4       org.springframework.core.ResolvableType::as (81 bytes)

GC Heap History (10 events):
Event: 8.920 GC heap before
{Heap before GC invocations=13 (full 2):
 PSYoungGen      total 259072K, used 259069K [0x00000000d5c00000, 0x00000000e9f00000, 0x0000000100000000)
  eden space 247808K, 100% used [0x00000000d5c00000,0x00000000e4e00000,0x00000000e4e00000)
  from space 11264K, 99% used [0x00000000e6500000,0x00000000e6fff718,0x00000000e7000000)
  to   space 23552K, 0% used [0x00000000e4e00000,0x00000000e4e00000,0x00000000e6500000)
 ParOldGen       total 142336K, used 47124K [0x0000000081400000, 0x0000000089f00000, 0x00000000d5c00000)
  object space 142336K, 33% used [0x0000000081400000,0x0000000084205228,0x0000000089f00000)
 Metaspace       used 50492K, capacity 51350K, committed 51880K, reserved 1095680K
  class space    used 6245K, capacity 6452K, committed 6568K, reserved 1048576K
Event: 8.942 GC heap after
Heap after GC invocations=13 (full 2):
 PSYoungGen      total 271360K, used 17902K [0x00000000d5c00000, 0x00000000eb080000, 0x0000000100000000)
  eden space 247808K, 0% used [0x00000000d5c00000,0x00000000d5c00000,0x00000000e4e00000)
  from space 23552K, 76% used [0x00000000e4e00000,0x00000000e5f7b850,0x00000000e6500000)
  to   space 24576K, 0% used [0x00000000e9880000,0x00000000e9880000,0x00000000eb080000)
 ParOldGen       total 142336K, used 52689K [0x0000000081400000, 0x0000000089f00000, 0x00000000d5c00000)
  object space 142336K, 37% used [0x0000000081400000,0x00000000847744c0,0x0000000089f00000)
 Metaspace       used 50492K, capacity 51350K, committed 51880K, reserved 1095680K
  class space    used 6245K, capacity 6452K, committed 6568K, reserved 1048576K
}
Event: 10.173 GC heap before
{Heap before GC invocations=14 (full 2):
 PSYoungGen      total 271360K, used 265710K [0x00000000d5c00000, 0x00000000eb080000, 0x0000000100000000)
  eden space 247808K, 100% used [0x00000000d5c00000,0x00000000e4e00000,0x00000000e4e00000)
  from space 23552K, 76% used [0x00000000e4e00000,0x00000000e5f7b850,0x00000000e6500000)
  to   space 24576K, 0% used [0x00000000e9880000,0x00000000e9880000,0x00000000eb080000)
 ParOldGen       total 142336K, used 52689K [0x0000000081400000, 0x0000000089f00000, 0x00000000d5c00000)
  object space 142336K, 37% used [0x0000000081400000,0x00000000847744c0,0x0000000089f00000)
 Metaspace       used 54989K, capacity 55930K, committed 56360K, reserved 1097728K
  class space    used 6842K, capacity 7111K, committed 7208K, reserved 1048576K
Event: 10.198 GC heap after
Heap after GC invocations=14 (full 2):
 PSYoungGen      total 320512K, used 24563K [0x00000000d5c00000, 0x00000000eb900000, 0x0000000100000000)
  eden space 295936K, 0% used [0x00000000d5c00000,0x00000000d5c00000,0x00000000e7d00000)
  from space 24576K, 99% used [0x00000000e9880000,0x00000000eb07cd90,0x00000000eb080000)
  to   space 28160K, 0% used [0x00000000e7d00000,0x00000000e7d00000,0x00000000e9880000)
 ParOldGen       total 142336K, used 53798K [0x0000000081400000, 0x0000000089f00000, 0x00000000d5c00000)
  object space 142336K, 37% used [0x0000000081400000,0x0000000084889a38,0x0000000089f00000)
 Metaspace       used 54989K, capacity 55930K, committed 56360K, reserved 1097728K
  class space    used 6842K, capacity 7111K, committed 7208K, reserved 1048576K
}
Event: 11.081 GC heap before
{Heap before GC invocations=15 (full 2):
 PSYoungGen      total 320512K, used 320499K [0x00000000d5c00000, 0x00000000eb900000, 0x0000000100000000)
  eden space 295936K, 100% used [0x00000000d5c00000,0x00000000e7d00000,0x00000000e7d00000)
  from space 24576K, 99% used [0x00000000e9880000,0x00000000eb07cd90,0x00000000eb080000)
  to   space 28160K, 0% used [0x00000000e7d00000,0x00000000e7d00000,0x00000000e9880000)
 ParOldGen       total 142336K, used 53798K [0x0000000081400000, 0x0000000089f00000, 0x00000000d5c00000)
  object space 142336K, 37% used [0x0000000081400000,0x0000000084889a38,0x0000000089f00000)
 Metaspace       used 56725K, capacity 57618K, committed 58024K, reserved 1099776K
  class space    used 7052K, capacity 7307K, committed 7336K, reserved 1048576K
Event: 11.113 GC heap after
Heap after GC invocations=15 (full 2):
 PSYoungGen      total 324096K, used 14711K [0x00000000d5c00000, 0x00000000ef900000, 0x0000000100000000)
  eden space 295936K, 0% used [0x00000000d5c00000,0x00000000d5c00000,0x00000000e7d00000)
  from space 28160K, 52% used [0x00000000e7d00000,0x00000000e8b5dfe0,0x00000000e9880000)
  to   space 27136K, 0% used [0x00000000ede80000,0x00000000ede80000,0x00000000ef900000)
 ParOldGen       total 142336K, used 65846K [0x0000000081400000, 0x0000000089f00000, 0x00000000d5c00000)
  object space 142336K, 46% used [0x0000000081400000,0x000000008544db50,0x0000000089f00000)
 Metaspace       used 56725K, capacity 57618K, committed 58024K, reserved 1099776K
  class space    used 7052K, capacity 7307K, committed 7336K, reserved 1048576K
}
Event: 11.581 GC heap before
{Heap before GC invocations=16 (full 2):
 PSYoungGen      total 324096K, used 162793K [0x00000000d5c00000, 0x00000000ef900000, 0x0000000100000000)
  eden space 295936K, 50% used [0x00000000d5c00000,0x00000000dec9c628,0x00000000e7d00000)
  from space 28160K, 52% used [0x00000000e7d00000,0x00000000e8b5dfe0,0x00000000e9880000)
  to   space 27136K, 0% used [0x00000000ede80000,0x00000000ede80000,0x00000000ef900000)
 ParOldGen       total 142336K, used 65846K [0x0000000081400000, 0x0000000089f00000, 0x00000000d5c00000)
  object space 142336K, 46% used [0x0000000081400000,0x000000008544db50,0x0000000089f00000)
 Metaspace       used 57750K, capacity 58692K, committed 59160K, reserved 1101824K
  class space    used 7180K, capacity 7470K, committed 7592K, reserved 1048576K
Event: 11.591 GC heap after
Heap after GC invocations=16 (full 2):
 PSYoungGen      total 394752K, used 10536K [0x00000000d5c00000, 0x00000000ef800000, 0x0000000100000000)
  eden space 368640K, 0% used [0x00000000d5c00000,0x00000000d5c00000,0x00000000ec400000)
  from space 26112K, 40% used [0x00000000ede80000,0x00000000ee8ca1b8,0x00000000ef800000)
  to   space 26624K, 0% used [0x00000000ec400000,0x00000000ec400000,0x00000000ede00000)
 ParOldGen       total 142336K, used 65854K [0x0000000081400000, 0x0000000089f00000, 0x00000000d5c00000)
  object space 142336K, 46% used [0x0000000081400000,0x000000008544fb50,0x0000000089f00000)
 Metaspace       used 57750K, capacity 58692K, committed 59160K, reserved 1101824K
  class space    used 7180K, capacity 7470K, committed 7592K, reserved 1048576K
}
Event: 11.591 GC heap before
{Heap before GC invocations=17 (full 3):
 PSYoungGen      total 394752K, used 10536K [0x00000000d5c00000, 0x00000000ef800000, 0x0000000100000000)
  eden space 368640K, 0% used [0x00000000d5c00000,0x00000000d5c00000,0x00000000ec400000)
  from space 26112K, 40% used [0x00000000ede80000,0x00000000ee8ca1b8,0x00000000ef800000)
  to   space 26624K, 0% used [0x00000000ec400000,0x00000000ec400000,0x00000000ede00000)
 ParOldGen       total 142336K, used 65854K [0x0000000081400000, 0x0000000089f00000, 0x00000000d5c00000)
  object space 142336K, 46% used [0x0000000081400000,0x000000008544fb50,0x0000000089f00000)
 Metaspace       used 57750K, capacity 58692K, committed 59160K, reserved 1101824K
  class space    used 7180K, capacity 7470K, committed 7592K, reserved 1048576K
Event: 11.794 GC heap after
Heap after GC invocations=17 (full 3):
 PSYoungGen      total 394752K, used 0K [0x00000000d5c00000, 0x00000000ef800000, 0x0000000100000000)
  eden space 368640K, 0% used [0x00000000d5c00000,0x00000000d5c00000,0x00000000ec400000)
  from space 26112K, 0% used [0x00000000ede80000,0x00000000ede80000,0x00000000ef800000)
  to   space 26624K, 0% used [0x00000000ec400000,0x00000000ec400000,0x00000000ede00000)
 ParOldGen       total 194560K, used 64651K [0x0000000081400000, 0x000000008d200000, 0x00000000d5c00000)
  object space 194560K, 33% used [0x0000000081400000,0x0000000085322ef0,0x000000008d200000)
 Metaspace       used 57750K, capacity 58692K, committed 59160K, reserved 1101824K
  class space    used 7180K, capacity 7470K, committed 7592K, reserved 1048576K
}

Deoptimization events (10 events):
Event: 12.943 Thread 0x000000001bf45800 Uncommon trap: reason=unstable_if action=reinterpret pc=0x000000000439f8fc method=java.net.URI$Parser.scan(IILjava/lang/String;Ljava/lang/String;)I @ 23
Event: 13.161 Thread 0x000000001bf45800 Uncommon trap: reason=unloaded action=reinterpret pc=0x0000000004b62504 method=org.aspectj.apache.bcel.classfile.Attribute.readAttribute(Ljava/io/DataInputStream;Lorg/aspectj/apache/bcel/classfile/ConstantPool;)Lorg/aspectj/apache/bcel/classfile/Attribute
Event: 13.202 Thread 0x000000001bf45800 Uncommon trap: reason=unstable_if action=reinterpret pc=0x00000000046e1780 method=org.springframework.asm.Type.getArgumentsAndReturnSizes(Ljava/lang/String;)I @ 47
Event: 13.202 Thread 0x000000001bf45800 Uncommon trap: reason=unstable_if action=reinterpret pc=0x0000000004b8c808 method=org.springframework.asm.Type.getArgumentsAndReturnSizes(Ljava/lang/String;)I @ 47
Event: 13.202 Thread 0x000000001bf45800 Uncommon trap: reason=unstable_if action=reinterpret pc=0x000000000407d39c method=org.springframework.asm.MethodWriter.visitFrame(Lorg/springframework/asm/Frame;)V @ 100
Event: 13.223 Thread 0x000000001bf45800 Uncommon trap: reason=unstable_if action=reinterpret pc=0x0000000004532fd4 method=org.springframework.util.ObjectUtils.nullSafeEquals(Ljava/lang/Object;Ljava/lang/Object;)Z @ 8
Event: 13.226 Thread 0x000000001f689000 Uncommon trap: reason=bimorphic action=maybe_recompile pc=0x00000000041541b8 method=java.net.URL.<init>(Ljava/net/URL;Ljava/lang/String;Ljava/net/URLStreamHandler;)V @ 504
Event: 13.228 Thread 0x000000001f689000 Uncommon trap: reason=bimorphic action=maybe_recompile pc=0x00000000040ff430 method=java.util.Collections$UnmodifiableMap$UnmodifiableEntrySet$1.<init>(Ljava/util/Collections$UnmodifiableMap$UnmodifiableEntrySet;)V @ 17
Event: 13.339 Thread 0x000000001bf45800 Uncommon trap: reason=bimorphic action=maybe_recompile pc=0x0000000004252ce8 method=java.util.Hashtable.get(Ljava/lang/Object;)Ljava/lang/Object; @ 6
Event: 13.339 Thread 0x000000001bf45800 Uncommon trap: reason=bimorphic action=maybe_recompile pc=0x0000000004252ce8 method=java.util.Hashtable.get(Ljava/lang/Object;)Ljava/lang/Object; @ 6

Classes redefined (0 events):
No events

Internal exceptions (10 events):
Event: 13.243 Thread 0x000000001bf45800 Exception <a 'java/lang/ClassNotFoundException': org/springframework/boot/actuate/endpoint/jmx/EndpointMBeanCustomizer> (0x00000000e351cb50) thrown at [C:\re\workspace\8-2-build-windows-amd64-cygwin\jdk8u162\10278\hotspot\src\share\vm\classfile\systemDict
Event: 13.243 Thread 0x000000001bf45800 Exception <a 'java/lang/ClassNotFoundException': org/springframework/boot/actuate/endpoint/jmx/DataEndpointMBeanCustomizer> (0x00000000e354c998) thrown at [C:\re\workspace\8-2-build-windows-amd64-cygwin\jdk8u162\10278\hotspot\src\share\vm\classfile\system
Event: 13.244 Thread 0x000000001bf45800 Exception <a 'java/lang/ClassNotFoundException': org/springframework/boot/actuate/endpoint/jmx/JmxEndpointCustomizer> (0x00000000e357ab38) thrown at [C:\re\workspace\8-2-build-windows-amd64-cygwin\jdk8u162\10278\hotspot\src\share\vm\classfile\systemDictio
Event: 13.249 Thread 0x000000001bf45800 Exception <a 'java/lang/ClassNotFoundException': java/lang/ObjectCustomizer> (0x00000000e359eea0) thrown at [C:\re\workspace\8-2-build-windows-amd64-cygwin\jdk8u162\10278\hotspot\src\share\vm\classfile\systemDictionary.cpp, line 210]
Event: 13.250 Thread 0x000000001bf45800 Exception <a 'java/lang/ClassNotFoundException': org/springframework/boot/actuate/endpoint/jmx/EndpointMBeanCustomizer> (0x00000000e35c6718) thrown at [C:\re\workspace\8-2-build-windows-amd64-cygwin\jdk8u162\10278\hotspot\src\share\vm\classfile\systemDict
Event: 13.250 Thread 0x000000001bf45800 Exception <a 'java/lang/ClassNotFoundException': org/springframework/boot/actuate/endpoint/jmx/JmxEndpointCustomizer> (0x00000000e35f5a58) thrown at [C:\re\workspace\8-2-build-windows-amd64-cygwin\jdk8u162\10278\hotspot\src\share\vm\classfile\systemDictio
Event: 13.265 Thread 0x000000001bf45800 Exception <a 'java/lang/ClassNotFoundException': java/lang/ObjectCustomizer> (0x00000000e36cb8d0) thrown at [C:\re\workspace\8-2-build-windows-amd64-cygwin\jdk8u162\10278\hotspot\src\share\vm\classfile\systemDictionary.cpp, line 210]
Event: 13.265 Thread 0x000000001bf45800 Exception <a 'java/lang/ClassNotFoundException': org/springframework/boot/actuate/endpoint/jmx/EndpointMBeanCustomizer> (0x00000000e36f3148) thrown at [C:\re\workspace\8-2-build-windows-amd64-cygwin\jdk8u162\10278\hotspot\src\share\vm\classfile\systemDict
Event: 13.266 Thread 0x000000001bf45800 Exception <a 'java/lang/ClassNotFoundException': org/springframework/boot/actuate/endpoint/jmx/LoggersEndpointMBeanCustomizer> (0x00000000e3720ec0) thrown at [C:\re\workspace\8-2-build-windows-amd64-cygwin\jdk8u162\10278\hotspot\src\share\vm\classfile\sys
Event: 13.266 Thread 0x000000001bf45800 Exception <a 'java/lang/ClassNotFoundException': org/springframework/boot/actuate/endpoint/jmx/JmxEndpointCustomizer> (0x00000000e3754b98) thrown at [C:\re\workspace\8-2-build-windows-amd64-cygwin\jdk8u162\10278\hotspot\src\share\vm\classfile\systemDictio

Events (10 events):
Event: 13.343 Thread 0x000000001940f000 flushing nmethod 0x0000000003a64210
Event: 13.344 Thread 0x000000001940f000 flushing nmethod 0x0000000003abfa10
Event: 13.344 Thread 0x000000001bf45800 Thread exited: 0x000000001bf45800
Event: 13.344 Executing VM operation: RevokeBias
Event: 13.344 Executing VM operation: RevokeBias done
Event: 13.414 Thread 0x000000001940c000 flushing nmethod 0x0000000003b0dc90
Event: 13.414 Thread 0x000000001940c000 flushing nmethod 0x0000000003b45550
Event: 13.414 Thread 0x000000001940c000 flushing nmethod 0x0000000003b5ae90
Event: 13.414 Thread 0x000000001940c000 flushing nmethod 0x0000000003b6fc10
Event: 13.414 Thread 0x000000001940c000 flushing nmethod 0x0000000003be6990


Dynamic libraries:
0x00007ff6065f0000 - 0x00007ff606627000 	D:\java\jdk1.8.0_162\bin\java.exe
0x00007ff8ed520000 - 0x00007ff8ed701000 	C:\WINDOWS\SYSTEM32\ntdll.dll
0x00007ff8ec490000 - 0x00007ff8ec541000 	C:\WINDOWS\System32\KERNEL32.DLL
0x00007ff8e9c30000 - 0x00007ff8e9ea3000 	C:\WINDOWS\System32\KERNELBASE.dll
0x00007ff8ec200000 - 0x00007ff8ec2a1000 	C:\WINDOWS\System32\ADVAPI32.dll
0x00007ff8ea9b0000 - 0x00007ff8eaa4e000 	C:\WINDOWS\System32\msvcrt.dll
0x00007ff8ec1a0000 - 0x00007ff8ec1fb000 	C:\WINDOWS\System32\sechost.dll
0x00007ff8ed210000 - 0x00007ff8ed334000 	C:\WINDOWS\System32\RPCRT4.dll
0x00007ff8ed350000 - 0x00007ff8ed4e0000 	C:\WINDOWS\System32\USER32.dll
0x00007ff8ea930000 - 0x00007ff8ea950000 	C:\WINDOWS\System32\win32u.dll
0x00007ff8ecbb0000 - 0x00007ff8ecbd8000 	C:\WINDOWS\System32\GDI32.dll
0x00007ff8e98f0000 - 0x00007ff8e9a82000 	C:\WINDOWS\System32\gdi32full.dll
0x00007ff8e9b90000 - 0x00007ff8e9c2f000 	C:\WINDOWS\System32\msvcp_win.dll
0x00007ff8e9eb0000 - 0x00007ff8e9fa8000 	C:\WINDOWS\System32\ucrtbase.dll
0x00007ff8dcf90000 - 0x00007ff8dd1f9000 	C:\WINDOWS\WinSxS\amd64_microsoft.windows.common-controls_6595b64144ccf1df_6.0.17134.765_none_fb42a1a930655896\COMCTL32.dll
0x00007ff8ecbe0000 - 0x00007ff8ecf02000 	C:\WINDOWS\System32\combase.dll
0x00007ff8ea8b0000 - 0x00007ff8ea92a000 	C:\WINDOWS\System32\bcryptPrimitives.dll
0x00007ff8ed1e0000 - 0x00007ff8ed20d000 	C:\WINDOWS\System32\IMM32.DLL
0x000000005d230000 - 0x000000005d301000 	D:\java\jdk1.8.0_162\jre\bin\msvcr100.dll
0x000000005c990000 - 0x000000005d230000 	D:\java\jdk1.8.0_162\jre\bin\server\jvm.dll
0x00007ff8ed340000 - 0x00007ff8ed348000 	C:\WINDOWS\System32\PSAPI.DLL
0x00007ff8e0310000 - 0x00007ff8e0319000 	C:\WINDOWS\SYSTEM32\WSOCK32.dll
0x00007ff8ec3a0000 - 0x00007ff8ec40c000 	C:\WINDOWS\System32\WS2_32.dll
0x00007ff8e7ad0000 - 0x00007ff8e7af3000 	C:\WINDOWS\SYSTEM32\WINMM.dll
0x00007ff8dffb0000 - 0x00007ff8dffba000 	C:\WINDOWS\SYSTEM32\VERSION.dll
0x00007ff8e79b0000 - 0x00007ff8e79da000 	C:\WINDOWS\SYSTEM32\WINMMBASE.dll
0x00007ff8e9a90000 - 0x00007ff8e9ad9000 	C:\WINDOWS\System32\cfgmgr32.dll
0x000000005c980000 - 0x000000005c98f000 	D:\java\jdk1.8.0_162\jre\bin\verify.dll
0x000000005c950000 - 0x000000005c979000 	D:\java\jdk1.8.0_162\jre\bin\java.dll
0x000000005c870000 - 0x000000005c893000 	D:\java\jdk1.8.0_162\jre\bin\instrument.dll
0x000000005c930000 - 0x000000005c946000 	D:\java\jdk1.8.0_162\jre\bin\zip.dll
0x00007ff8eacb0000 - 0x00007ff8ec0f0000 	C:\WINDOWS\System32\SHELL32.dll
0x00007ff8ec0f0000 - 0x00007ff8ec199000 	C:\WINDOWS\System32\shcore.dll
0x00007ff8e9fb0000 - 0x00007ff8ea6bd000 	C:\WINDOWS\System32\windows.storage.dll
0x00007ff8eac50000 - 0x00007ff8eaca1000 	C:\WINDOWS\System32\shlwapi.dll
0x00007ff8e9840000 - 0x00007ff8e9851000 	C:\WINDOWS\System32\kernel.appcore.dll
0x00007ff8e9860000 - 0x00007ff8e987f000 	C:\WINDOWS\System32\profapi.dll
0x00007ff8e98a0000 - 0x00007ff8e98ec000 	C:\WINDOWS\System32\powrprof.dll
0x00007ff8e9830000 - 0x00007ff8e983a000 	C:\WINDOWS\System32\FLTLIB.DLL
0x00007ff8e7b30000 - 0x00007ff8e7b4a000 	D:\Program Files\JetBrains\IntelliJ IDEA 2018.1.5\bin\breakgen64.dll
0x000000005c910000 - 0x000000005c92a000 	D:\java\jdk1.8.0_162\jre\bin\net.dll
0x00007ff8e9050000 - 0x00007ff8e90b6000 	C:\WINDOWS\system32\mswsock.dll
0x00007ff8e9210000 - 0x00007ff8e9227000 	C:\WINDOWS\SYSTEM32\CRYPTSP.dll
0x00007ff8e8c30000 - 0x00007ff8e8c63000 	C:\WINDOWS\system32\rsaenh.dll
0x00007ff8e9330000 - 0x00007ff8e9355000 	C:\WINDOWS\SYSTEM32\bcrypt.dll
0x00007ff8e9730000 - 0x00007ff8e9758000 	C:\WINDOWS\SYSTEM32\USERENV.dll
0x00007ff8e9200000 - 0x00007ff8e920b000 	C:\WINDOWS\SYSTEM32\CRYPTBASE.dll
0x00007ff8e8dd0000 - 0x00007ff8e8e08000 	C:\WINDOWS\SYSTEM32\IPHLPAPI.DLL
0x00007ff8ed4e0000 - 0x00007ff8ed4e8000 	C:\WINDOWS\System32\NSI.dll
0x00007ff8e2c30000 - 0x00007ff8e2c46000 	C:\WINDOWS\SYSTEM32\dhcpcsvc6.DLL
0x00007ff8e2c10000 - 0x00007ff8e2c2a000 	C:\WINDOWS\SYSTEM32\dhcpcsvc.DLL
0x000000005c8f0000 - 0x000000005c901000 	D:\java\jdk1.8.0_162\jre\bin\nio.dll
0x00007ff8e64f0000 - 0x00007ff8e64fa000 	C:\Users\yuanyang\AppData\Local\Temp\jansi-1.17.1-2469975460548231219.dll
0x00007ff8e64d0000 - 0x00007ff8e64da000 	C:\Users\yuanyang\AppData\Local\Temp\jansi-1.17.1-3160587204964644050.dll
0x00007ff8e8e10000 - 0x00007ff8e8ece000 	C:\WINDOWS\SYSTEM32\DNSAPI.dll
0x00007ff8e0180000 - 0x00007ff8e018a000 	C:\Windows\System32\rasadhlp.dll
0x00007ff8e01c0000 - 0x00007ff8e0232000 	C:\WINDOWS\System32\fwpuclnt.dll
0x000000005c850000 - 0x000000005c85d000 	D:\java\jdk1.8.0_162\jre\bin\management.dll
0x00007ff8d91f0000 - 0x00007ff8d9206000 	C:\WINDOWS\system32\napinsp.dll
0x00007ff8d9010000 - 0x00007ff8d902a000 	C:\WINDOWS\system32\pnrpnsp.dll
0x00007ff8e6370000 - 0x00007ff8e6389000 	C:\WINDOWS\system32\NLAapi.dll
0x00007ff8d90b0000 - 0x00007ff8d90be000 	C:\WINDOWS\System32\winrnr.dll
0x000000005c820000 - 0x000000005c844000 	D:\java\jdk1.8.0_162\jre\bin\sunec.dll

VM Arguments:
jvm_args: -Dmaven.multiModuleProjectDirectory=E:\个人项目\springCloud\Service Zuul -Dmaven.home=D:\Maven\apache-maven-3.6.1 -Dclassworlds.conf=D:\Maven\apache-maven-3.6.1\bin\m2.conf -javaagent:D:\Program Files\JetBrains\IntelliJ IDEA 2018.1.5\lib\idea_rt.jar=53946:D:\Program Files\JetBrains\IntelliJ IDEA 2018.1.5\bin -Dfile.encoding=UTF-8 
java_command: org.codehaus.classworlds.Launcher -Didea.version=2018.1.5 -s D:\Maven\apache-maven-3.6.1\conf\settings.xml org.springframework.boot:spring-boot-maven-plugin:1.5.2.RELEASE:run -f pom.xml
java_class_path (initial): D:\Maven\apache-maven-3.6.1\boot\plexus-classworlds-2.6.0.jar;D:\Program Files\JetBrains\IntelliJ IDEA 2018.1.5\lib\idea_rt.jar
Launcher Type: SUN_STANDARD

Environment Variables:
JAVA_HOME=D:\java\jdk1.8.0_162
PATH=C:\Program Files (x86)\NetSarang\Xftp 6\;D:\Xshell\;C:\WINDOWS\system32;C:\WINDOWS;C:\WINDOWS\System32\Wbem;C:\WINDOWS\System32\WindowsPowerShell\v1.0\;C:\WINDOWS\System32\OpenSSH\;D:\java\jdk1.8.0_162\bin;C:\Program Files\TortoiseSVN\bin;D:\Maven\apache-maven-3.6.1\bin;C:\Users\yuanyang\AppData\Local\Microsoft\WindowsApps;
USERNAME=yuanyang
OS=Windows_NT
PROCESSOR_IDENTIFIER=Intel64 Family 6 Model 158 Stepping 9, GenuineIntel



---------------  S Y S T E M  ---------------

OS: Windows 10.0 , 64 bit Build 17134 (10.0.17134.753)

CPU:total 4 (initial active 4) (4 cores per cpu, 1 threads per core) family 6 model 158 stepping 9, cmov, cx8, fxsr, mmx, sse, sse2, sse3, ssse3, sse4.1, sse4.2, popcnt, avx, avx2, aes, clmul, erms, rtm, 3dnowpref, lzcnt, tsc, tscinvbit, bmi1, bmi2, adx

Memory: 4k page, physical 8304712k(1393280k free), swap 14756480k(2596k free)

vm_info: Java HotSpot(TM) 64-Bit Server VM (25.162-b12) for windows-amd64 JRE (1.8.0_162-b12), built on Dec 19 2017 20:00:03 by "java_re" with MS VC++ 10.0 (VS2010)

time: Tue May 21 16:42:34 2019
elapsed time: 13 seconds (0d 0h 0m 13s)

