#
# There is insufficient memory for the Java Runtime Environment to continue.
# Native memory allocation (malloc) failed to allocate 1348176 bytes for Chunk::new
# Possible reasons:
#   The system is out of physical RAM or swap space
#   In 32 bit mode, the process size limit was hit
# Possible solutions:
#   Reduce memory load on the system
#   Increase physical memory or swap space
#   Check if swap backing store is full
#   Use 64 bit Java on a 64 bit OS
#   Decrease Java heap size (-Xmx/-Xms)
#   Decrease number of Java threads
#   Decrease Java thread stack sizes (-Xss)
#   Set larger code cache with -XX:ReservedCodeCacheSize=
# This output file may be truncated or incomplete.
#
#  Out of Memory Error (allocation.cpp:390), pid=16116, tid=0x0000000000003c68
#
# JRE version: Java(TM) SE Runtime Environment (8.0_162-b12) (build 1.8.0_162-b12)
# Java VM: Java HotSpot(TM) 64-Bit Server VM (25.162-b12 mixed mode windows-amd64 compressed oops)
# Failed to write core dump. Minidumps are not enabled by default on client versions of Windows
#

---------------  T H R E A D  ---------------

Current thread (0x00000000193ea000):  JavaThread "C2 CompilerThread0" daemon [_thread_in_native, id=15464, stack(0x0000000019ab0000,0x0000000019bb0000)]

Stack: [0x0000000019ab0000,0x0000000019bb0000]
[error occurred during error reporting (printing stack bounds), id 0xc0000005]

Native frames: (J=compiled Java code, j=interpreted, Vv=VM code, C=native code)


Current CompileTask:
C2:   7972 5872   !   4       java.net.URLClassLoader::definePackageInternal (81 bytes)


---------------  P R O C E S S  ---------------

Java Threads: ( => current thread )
  0x000000001c482000 JavaThread "main" [_thread_in_Java, id=12516, stack(0x000000001d000000,0x000000001d100000)]
  0x00000000193f8800 JavaThread "Service Thread" daemon [_thread_blocked, id=6232, stack(0x0000000019db0000,0x0000000019eb0000)]
  0x00000000193ee800 JavaThread "C1 CompilerThread2" daemon [_thread_blocked, id=6484, stack(0x0000000019cb0000,0x0000000019db0000)]
  0x00000000193ee000 JavaThread "C2 CompilerThread1" daemon [_thread_blocked, id=10136, stack(0x0000000019bb0000,0x0000000019cb0000)]
=>0x00000000193ea000 JavaThread "C2 CompilerThread0" daemon [_thread_in_native, id=15464, stack(0x0000000019ab0000,0x0000000019bb0000)]
  0x00000000193e7800 JavaThread "Monitor Ctrl-Break" daemon [_thread_in_native, id=16132, stack(0x00000000199b0000,0x0000000019ab0000)]
  0x00000000180be000 JavaThread "Attach Listener" daemon [_thread_blocked, id=868, stack(0x00000000198b0000,0x00000000199b0000)]
  0x00000000180bd800 JavaThread "Signal Dispatcher" daemon [_thread_blocked, id=1516, stack(0x00000000197b0000,0x00000000198b0000)]
  0x00000000034ee000 JavaThread "Finalizer" daemon [_thread_blocked, id=5084, stack(0x00000000192b0000,0x00000000193b0000)]
  0x0000000018029000 JavaThread "Reference Handler" daemon [_thread_blocked, id=11664, stack(0x00000000191b0000,0x00000000192b0000)]
  0x000000000117e000 JavaThread "main" [_thread_blocked, id=664, stack(0x0000000003130000,0x0000000003230000)]

Other Threads:
  0x0000000018028000 VMThread [stack: 0x00000000190b0000,0x00000000191b0000] [id=8056]
  0x00000000194da000 WatcherThread [stack: 0x0000000019eb0000,0x0000000019fb0000] [id=4896]

VM state:not at safepoint (normal execution)

VM Mutex/Monitor currently owned by a thread: None

Heap:
 PSYoungGen      total 270848K, used 247210K [0x00000000d5c00000, 0x00000000e8000000, 0x0000000100000000)
  eden space 252928K, 97% used [0x00000000d5c00000,0x00000000e4d6aba8,0x00000000e5300000)
  from space 17920K, 0% used [0x00000000e5600000,0x00000000e5600000,0x00000000e6780000)
  to   space 23040K, 0% used [0x00000000e6980000,0x00000000e6980000,0x00000000e8000000)
 ParOldGen       total 130048K, used 42268K [0x0000000081400000, 0x0000000089300000, 0x00000000d5c00000)
  object space 130048K, 32% used [0x0000000081400000,0x0000000083d47208,0x0000000089300000)
 Metaspace       used 43603K, capacity 44374K, committed 44672K, reserved 1087488K
  class space    used 5452K, capacity 5686K, committed 5760K, reserved 1048576K

Card table byte_map: [0x00000000128b0000,0x0000000012cb0000] byte_map_base: 0x00000000124a6000

Marking Bits: (ParMarkBitMap*) 0x000000005d1b0860
 Begin Bits: [0x0000000013360000, 0x0000000015310000)
 End Bits:   [0x0000000015310000, 0x00000000172c0000)

Polling page: 0x0000000001140000

CodeCache: size=245760Kb used=18250Kb max_used=18262Kb free=227509Kb
 bounds [0x00000000034f0000, 0x00000000046e0000, 0x00000000124f0000]
 total_blobs=5616 nmethods=5147 adapters=381
 compilation: enabled

Compilation events (10 events):
Event: 7.960 Thread 0x00000000193ee800 nmethod 5905 0x00000000046ce290 code [0x00000000046ce460, 0x00000000046ceba8]
Event: 7.960 Thread 0x00000000193ee800 5906       1       org.springframework.beans.factory.support.AbstractBeanFactory::getTempClassLoader (5 bytes)
Event: 7.960 Thread 0x00000000193ee800 nmethod 5906 0x00000000046ced50 code [0x00000000046ceea0, 0x00000000046cefb0]
Event: 7.961 Thread 0x00000000193ee800 5907       3       org.springframework.boot.autoconfigure.condition.BeanTypeRegistry::addBeanType (50 bytes)
Event: 7.962 Thread 0x00000000193ee800 nmethod 5907 0x00000000046cf010 code [0x00000000046cf1e0, 0x00000000046cf908]
Event: 7.963 Thread 0x00000000193ee800 5908       3       org.springframework.beans.factory.support.AbstractBeanFactory::containsLocalBean (43 bytes)
Event: 7.963 Thread 0x00000000193ee800 nmethod 5908 0x00000000046cfb90 code [0x00000000046cfda0, 0x00000000046d0a58]
Event: 7.964 Thread 0x00000000193ee000 5909       4       org.springframework.util.StringUtils::changeFirstCharacterCase (64 bytes)
Event: 7.966 Thread 0x00000000193ee800 5910       3       org.springframework.util.Assert::isInstanceOf (8 bytes)
Event: 7.967 Thread 0x00000000193ee800 nmethod 5910 0x00000000046d0e90 code [0x00000000046d1020, 0x00000000046d1438]

GC Heap History (10 events):
Event: 3.725 GC heap before
{Heap before GC invocations=7 (full 0):
 PSYoungGen      total 144384K, used 57367K [0x00000000d5c00000, 0x00000000df600000, 0x0000000100000000)
  eden space 132608K, 35% used [0x00000000d5c00000,0x00000000d8a73d38,0x00000000ddd80000)
  from space 11776K, 83% used [0x00000000de980000,0x00000000df312060,0x00000000df500000)
  to   space 12288K, 0% used [0x00000000ddd80000,0x00000000ddd80000,0x00000000de980000)
 ParOldGen       total 87552K, used 13497K [0x0000000081400000, 0x0000000086980000, 0x00000000d5c00000)
  object space 87552K, 15% used [0x0000000081400000,0x000000008212e600,0x0000000086980000)
 Metaspace       used 20720K, capacity 21104K, committed 21296K, reserved 1069056K
  class space    used 2481K, capacity 2618K, committed 2688K, reserved 1048576K
Event: 3.736 GC heap after
Heap after GC invocations=7 (full 0):
 PSYoungGen      total 144896K, used 11189K [0x00000000d5c00000, 0x00000000e7900000, 0x0000000100000000)
  eden space 132608K, 0% used [0x00000000d5c00000,0x00000000d5c00000,0x00000000ddd80000)
  from space 12288K, 91% used [0x00000000ddd80000,0x00000000de86d698,0x00000000de980000)
  to   space 13312K, 0% used [0x00000000e6c00000,0x00000000e6c00000,0x00000000e7900000)
 ParOldGen       total 87552K, used 15065K [0x0000000081400000, 0x0000000086980000, 0x00000000d5c00000)
  object space 87552K, 17% used [0x0000000081400000,0x00000000822b6690,0x0000000086980000)
 Metaspace       used 20720K, capacity 21104K, committed 21296K, reserved 1069056K
  class space    used 2481K, capacity 2618K, committed 2688K, reserved 1048576K
}
Event: 3.736 GC heap before
{Heap before GC invocations=8 (full 1):
 PSYoungGen      total 144896K, used 11189K [0x00000000d5c00000, 0x00000000e7900000, 0x0000000100000000)
  eden space 132608K, 0% used [0x00000000d5c00000,0x00000000d5c00000,0x00000000ddd80000)
  from space 12288K, 91% used [0x00000000ddd80000,0x00000000de86d698,0x00000000de980000)
  to   space 13312K, 0% used [0x00000000e6c00000,0x00000000e6c00000,0x00000000e7900000)
 ParOldGen       total 87552K, used 15065K [0x0000000081400000, 0x0000000086980000, 0x00000000d5c00000)
  object space 87552K, 17% used [0x0000000081400000,0x00000000822b6690,0x0000000086980000)
 Metaspace       used 20720K, capacity 21104K, committed 21296K, reserved 1069056K
  class space    used 2481K, capacity 2618K, committed 2688K, reserved 1048576K
Event: 3.804 GC heap after
Heap after GC invocations=8 (full 1):
 PSYoungGen      total 144896K, used 0K [0x00000000d5c00000, 0x00000000e7900000, 0x0000000100000000)
  eden space 132608K, 0% used [0x00000000d5c00000,0x00000000d5c00000,0x00000000ddd80000)
  from space 12288K, 0% used [0x00000000ddd80000,0x00000000ddd80000,0x00000000de980000)
  to   space 13312K, 0% used [0x00000000e6c00000,0x00000000e6c00000,0x00000000e7900000)
 ParOldGen       total 77824K, used 20663K [0x0000000081400000, 0x0000000086000000, 0x00000000d5c00000)
  object space 77824K, 26% used [0x0000000081400000,0x000000008282dea8,0x0000000086000000)
 Metaspace       used 20720K, capacity 21104K, committed 21296K, reserved 1069056K
  class space    used 2481K, capacity 2618K, committed 2688K, reserved 1048576K
}
Event: 5.507 GC heap before
{Heap before GC invocations=9 (full 1):
 PSYoungGen      total 144896K, used 132608K [0x00000000d5c00000, 0x00000000e7900000, 0x0000000100000000)
  eden space 132608K, 100% used [0x00000000d5c00000,0x00000000ddd80000,0x00000000ddd80000)
  from space 12288K, 0% used [0x00000000ddd80000,0x00000000ddd80000,0x00000000de980000)
  to   space 13312K, 0% used [0x00000000e6c00000,0x00000000e6c00000,0x00000000e7900000)
 ParOldGen       total 77824K, used 20663K [0x0000000081400000, 0x0000000086000000, 0x00000000d5c00000)
  object space 77824K, 26% used [0x0000000081400000,0x000000008282dea8,0x0000000086000000)
 Metaspace       used 25898K, capacity 26474K, committed 26624K, reserved 1073152K
  class space    used 3141K, capacity 3319K, committed 3328K, reserved 1048576K
Event: 5.528 GC heap after
Heap after GC invocations=9 (full 1):
 PSYoungGen      total 208384K, used 13294K [0x00000000d5c00000, 0x00000000e7900000, 0x0000000100000000)
  eden space 195072K, 0% used [0x00000000d5c00000,0x00000000d5c00000,0x00000000e1a80000)
  from space 13312K, 99% used [0x00000000e6c00000,0x00000000e78fb880,0x00000000e7900000)
  to   space 17920K, 0% used [0x00000000e5600000,0x00000000e5600000,0x00000000e6780000)
 ParOldGen       total 77824K, used 27582K [0x0000000081400000, 0x0000000086000000, 0x00000000d5c00000)
  object space 77824K, 35% used [0x0000000081400000,0x0000000082eef9e8,0x0000000086000000)
 Metaspace       used 25898K, capacity 26474K, committed 26624K, reserved 1073152K
  class space    used 3141K, capacity 3319K, committed 3328K, reserved 1048576K
}
Event: 6.334 GC heap before
{Heap before GC invocations=10 (full 1):
 PSYoungGen      total 208384K, used 121799K [0x00000000d5c00000, 0x00000000e7900000, 0x0000000100000000)
  eden space 195072K, 55% used [0x00000000d5c00000,0x00000000dc5f65b8,0x00000000e1a80000)
  from space 13312K, 99% used [0x00000000e6c00000,0x00000000e78fb880,0x00000000e7900000)
  to   space 17920K, 0% used [0x00000000e5600000,0x00000000e5600000,0x00000000e6780000)
 ParOldGen       total 77824K, used 27582K [0x0000000081400000, 0x0000000086000000, 0x00000000d5c00000)
  object space 77824K, 35% used [0x0000000081400000,0x0000000082eef9e8,0x0000000086000000)
 Metaspace       used 34689K, capacity 35286K, committed 35456K, reserved 1081344K
  class space    used 4266K, capacity 4441K, committed 4480K, reserved 1048576K
Event: 6.352 GC heap after
Heap after GC invocations=10 (full 1):
 PSYoungGen      total 270848K, used 17916K [0x00000000d5c00000, 0x00000000e8000000, 0x0000000100000000)
  eden space 252928K, 0% used [0x00000000d5c00000,0x00000000d5c00000,0x00000000e5300000)
  from space 17920K, 99% used [0x00000000e5600000,0x00000000e677f310,0x00000000e6780000)
  to   space 23040K, 0% used [0x00000000e6980000,0x00000000e6980000,0x00000000e8000000)
 ParOldGen       total 77824K, used 34047K [0x0000000081400000, 0x0000000086000000, 0x00000000d5c00000)
  object space 77824K, 43% used [0x0000000081400000,0x000000008353ffc0,0x0000000086000000)
 Metaspace       used 34689K, capacity 35286K, committed 35456K, reserved 1081344K
  class space    used 4266K, capacity 4441K, committed 4480K, reserved 1048576K
}
Event: 6.352 GC heap before
{Heap before GC invocations=11 (full 2):
 PSYoungGen      total 270848K, used 17916K [0x00000000d5c00000, 0x00000000e8000000, 0x0000000100000000)
  eden space 252928K, 0% used [0x00000000d5c00000,0x00000000d5c00000,0x00000000e5300000)
  from space 17920K, 99% used [0x00000000e5600000,0x00000000e677f310,0x00000000e6780000)
  to   space 23040K, 0% used [0x00000000e6980000,0x00000000e6980000,0x00000000e8000000)
 ParOldGen       total 77824K, used 34047K [0x0000000081400000, 0x0000000086000000, 0x00000000d5c00000)
  object space 77824K, 43% used [0x0000000081400000,0x000000008353ffc0,0x0000000086000000)
 Metaspace       used 34689K, capacity 35286K, committed 35456K, reserved 1081344K
  class space    used 4266K, capacity 4441K, committed 4480K, reserved 1048576K
Event: 6.417 GC heap after
Heap after GC invocations=11 (full 2):
 PSYoungGen      total 270848K, used 0K [0x00000000d5c00000, 0x00000000e8000000, 0x0000000100000000)
  eden space 252928K, 0% used [0x00000000d5c00000,0x00000000d5c00000,0x00000000e5300000)
  from space 17920K, 0% used [0x00000000e5600000,0x00000000e5600000,0x00000000e6780000)
  to   space 23040K, 0% used [0x00000000e6980000,0x00000000e6980000,0x00000000e8000000)
 ParOldGen       total 130048K, used 42268K [0x0000000081400000, 0x0000000089300000, 0x00000000d5c00000)
  object space 130048K, 32% used [0x0000000081400000,0x0000000083d47208,0x0000000089300000)
 Metaspace       used 34689K, capacity 35286K, committed 35456K, reserved 1081344K
  class space    used 4266K, capacity 4441K, committed 4480K, reserved 1048576K
}

Deoptimization events (10 events):
Event: 7.000 Thread 0x000000001c482000 Uncommon trap: reason=class_check action=maybe_recompile pc=0x00000000041b8cf8 method=java.lang.StringCoding$StringDecoder.decode([BII)[C @ 30
Event: 7.005 Thread 0x000000001c482000 Uncommon trap: reason=unstable_if action=reinterpret pc=0x0000000004068674 method=java.net.URL.<init>(Ljava/net/URL;Ljava/lang/String;Ljava/net/URLStreamHandler;)V @ 347
Event: 7.019 Thread 0x000000001c482000 Uncommon trap: reason=bimorphic action=maybe_recompile pc=0x0000000003bb6228 method=java.util.regex.Pattern$CharProperty$1.isSatisfiedBy(I)Z @ 5
Event: 7.019 Thread 0x000000001c482000 Uncommon trap: reason=bimorphic action=maybe_recompile pc=0x0000000003bb6228 method=java.util.regex.Pattern$CharProperty$1.isSatisfiedBy(I)Z @ 5
Event: 7.019 Thread 0x000000001c482000 Uncommon trap: reason=bimorphic action=maybe_recompile pc=0x0000000003bb6228 method=java.util.regex.Pattern$CharProperty$1.isSatisfiedBy(I)Z @ 5
Event: 7.019 Thread 0x000000001c482000 Uncommon trap: reason=bimorphic action=maybe_recompile pc=0x0000000003bb6228 method=java.util.regex.Pattern$CharProperty$1.isSatisfiedBy(I)Z @ 5
Event: 7.132 Thread 0x000000001c482000 Uncommon trap: reason=class_check action=maybe_recompile pc=0x0000000003eb074c method=java.util.Collections$UnmodifiableMap.isEmpty()Z @ 4
Event: 7.520 Thread 0x000000001c482000 Uncommon trap: reason=unstable_if action=reinterpret pc=0x00000000041b8c5c method=java.lang.StringCoding$StringDecoder.decode([BII)[C @ 20
Event: 7.542 Thread 0x000000001c482000 Uncommon trap: reason=unstable_if action=reinterpret pc=0x00000000045dc210 method=org.springframework.util.StringUtils.deleteAny(Ljava/lang/String;Ljava/lang/String;)Ljava/lang/String; @ 4
Event: 7.549 Thread 0x000000001c482000 Uncommon trap: reason=unstable_if action=reinterpret pc=0x0000000004196a28 method=java.net.URI.match(CJJ)Z @ 45

Classes redefined (0 events):
No events

Internal exceptions (10 events):
Event: 6.932 Thread 0x000000001c482000 Exception <a 'java/lang/ClassNotFoundException': org/springframework/boot/yaml/SpringProfileDocumentMatcher$SpringPropertiesCustomizer> (0x00000000db064ac8) thrown at [C:\re\workspace\8-2-build-windows-amd64-cygwin\jdk8u162\10278\hotspot\src\share\vm\clas
Event: 6.993 Thread 0x000000001c482000 Exception <a 'java/lang/ClassNotFoundException': java/lang/ObjectCustomizer> (0x00000000db3854c0) thrown at [C:\re\workspace\8-2-build-windows-amd64-cygwin\jdk8u162\10278\hotspot\src\share\vm\classfile\systemDictionary.cpp, line 210]
Event: 6.993 Thread 0x000000001c482000 Exception <a 'java/lang/ClassNotFoundException': org/springframework/boot/SpringApplicationCustomizer> (0x00000000db3a70d8) thrown at [C:\re\workspace\8-2-build-windows-amd64-cygwin\jdk8u162\10278\hotspot\src\share\vm\classfile\systemDictionary.cpp, line 
Event: 7.043 Thread 0x000000001c482000 Exception <a 'java/lang/ClassNotFoundException': java/lang/ObjectCustomizer> (0x00000000dbb16f30) thrown at [C:\re\workspace\8-2-build-windows-amd64-cygwin\jdk8u162\10278\hotspot\src\share\vm\classfile\systemDictionary.cpp, line 210]
Event: 7.043 Thread 0x000000001c482000 Exception <a 'java/lang/ClassNotFoundException': org/springframework/context/annotation/ConfigurationClassPostProcessorCustomizer> (0x00000000dbb43cc0) thrown at [C:\re\workspace\8-2-build-windows-amd64-cygwin\jdk8u162\10278\hotspot\src\share\vm\classfile
Event: 7.045 Thread 0x000000001c482000 Exception <a 'java/lang/ClassNotFoundException': org/springframework/beans/factory/support/BeanDefinitionRegistryPostProcessorCustomizer> (0x00000000dbb81ac8) thrown at [C:\re\workspace\8-2-build-windows-amd64-cygwin\jdk8u162\10278\hotspot\src\share\vm\cl
Event: 7.045 Thread 0x000000001c482000 Exception <a 'java/lang/ClassNotFoundException': org/springframework/core/PriorityOrderedCustomizer> (0x00000000dbb9f598) thrown at [C:\re\workspace\8-2-build-windows-amd64-cygwin\jdk8u162\10278\hotspot\src\share\vm\classfile\systemDictionary.cpp, line 21
Event: 7.045 Thread 0x000000001c482000 Exception <a 'java/lang/ClassNotFoundException': org/springframework/context/ResourceLoaderAwareCustomizer> (0x00000000dbbbf1e0) thrown at [C:\re\workspace\8-2-build-windows-amd64-cygwin\jdk8u162\10278\hotspot\src\share\vm\classfile\systemDictionary.cpp, 
Event: 7.046 Thread 0x000000001c482000 Exception <a 'java/lang/ClassNotFoundException': org/springframework/beans/factory/BeanClassLoaderAwareCustomizer> (0x00000000dbbe32b0) thrown at [C:\re\workspace\8-2-build-windows-amd64-cygwin\jdk8u162\10278\hotspot\src\share\vm\classfile\systemDictionar
Event: 7.046 Thread 0x000000001c482000 Exception <a 'java/lang/ClassNotFoundException': org/springframework/context/EnvironmentAwareCustomizer> (0x00000000dbc030a0) thrown at [C:\re\workspace\8-2-build-windows-amd64-cygwin\jdk8u162\10278\hotspot\src\share\vm\classfile\systemDictionary.cpp, lin

Events (10 events):
Event: 7.966 loading class org/springframework/cloud/client/loadbalancer/LoadBalancerClient
Event: 7.966 loading class org/springframework/cloud/client/loadbalancer/LoadBalancerClient done
Event: 7.966 loading class org/springframework/cloud/client/loadbalancer/ServiceInstanceChooser
Event: 7.966 loading class org/springframework/cloud/client/loadbalancer/ServiceInstanceChooser done
Event: 7.966 loading class org/springframework/cloud/netflix/ribbon/RibbonAutoConfiguration
Event: 7.966 loading class org/springframework/cloud/netflix/ribbon/RibbonAutoConfiguration done
Event: 7.967 loading class org/springframework/cloud/client/loadbalancer/LoadBalancedRetryPolicyFactory
Event: 7.967 loading class org/springframework/cloud/client/loadbalancer/LoadBalancedRetryPolicyFactory done
Event: 7.968 loading class org/springframework/cloud/netflix/ribbon/RibbonApplicationContextInitializer
Event: 7.968 loading class org/springframework/cloud/netflix/ribbon/RibbonApplicationContextInitializer done


Dynamic libraries:
0x00007ff6065f0000 - 0x00007ff606627000 	D:\java\jdk1.8.0_162\bin\java.exe
0x00007ff8ed520000 - 0x00007ff8ed701000 	C:\WINDOWS\SYSTEM32\ntdll.dll
0x00007ff8ec490000 - 0x00007ff8ec541000 	C:\WINDOWS\System32\KERNEL32.DLL
0x00007ff8e9c30000 - 0x00007ff8e9ea3000 	C:\WINDOWS\System32\KERNELBASE.dll
0x00007ff8ec200000 - 0x00007ff8ec2a1000 	C:\WINDOWS\System32\ADVAPI32.dll
0x00007ff8ea9b0000 - 0x00007ff8eaa4e000 	C:\WINDOWS\System32\msvcrt.dll
0x00007ff8ec1a0000 - 0x00007ff8ec1fb000 	C:\WINDOWS\System32\sechost.dll
0x00007ff8ed210000 - 0x00007ff8ed334000 	C:\WINDOWS\System32\RPCRT4.dll
0x00007ff8ed350000 - 0x00007ff8ed4e0000 	C:\WINDOWS\System32\USER32.dll
0x00007ff8ea930000 - 0x00007ff8ea950000 	C:\WINDOWS\System32\win32u.dll
0x00007ff8ecbb0000 - 0x00007ff8ecbd8000 	C:\WINDOWS\System32\GDI32.dll
0x00007ff8e98f0000 - 0x00007ff8e9a82000 	C:\WINDOWS\System32\gdi32full.dll
0x00007ff8e9b90000 - 0x00007ff8e9c2f000 	C:\WINDOWS\System32\msvcp_win.dll
0x00007ff8e9eb0000 - 0x00007ff8e9fa8000 	C:\WINDOWS\System32\ucrtbase.dll
0x00007ff8dcf90000 - 0x00007ff8dd1f9000 	C:\WINDOWS\WinSxS\amd64_microsoft.windows.common-controls_6595b64144ccf1df_6.0.17134.765_none_fb42a1a930655896\COMCTL32.dll
0x00007ff8ecbe0000 - 0x00007ff8ecf02000 	C:\WINDOWS\System32\combase.dll
0x00007ff8ea8b0000 - 0x00007ff8ea92a000 	C:\WINDOWS\System32\bcryptPrimitives.dll
0x00007ff8ed1e0000 - 0x00007ff8ed20d000 	C:\WINDOWS\System32\IMM32.DLL
0x000000005d230000 - 0x000000005d301000 	D:\java\jdk1.8.0_162\jre\bin\msvcr100.dll
0x000000005c990000 - 0x000000005d230000 	D:\java\jdk1.8.0_162\jre\bin\server\jvm.dll
0x00007ff8ed340000 - 0x00007ff8ed348000 	C:\WINDOWS\System32\PSAPI.DLL
0x00007ff8e7ad0000 - 0x00007ff8e7af3000 	C:\WINDOWS\SYSTEM32\WINMM.dll
0x00007ff8dffb0000 - 0x00007ff8dffba000 	C:\WINDOWS\SYSTEM32\VERSION.dll
0x00007ff8e0310000 - 0x00007ff8e0319000 	C:\WINDOWS\SYSTEM32\WSOCK32.dll
0x00007ff8ec3a0000 - 0x00007ff8ec40c000 	C:\WINDOWS\System32\WS2_32.dll
0x00007ff8e79b0000 - 0x00007ff8e79da000 	C:\WINDOWS\SYSTEM32\winmmbase.dll
0x00007ff8e9a90000 - 0x00007ff8e9ad9000 	C:\WINDOWS\System32\cfgmgr32.dll
0x000000005c980000 - 0x000000005c98f000 	D:\java\jdk1.8.0_162\jre\bin\verify.dll
0x000000005c950000 - 0x000000005c979000 	D:\java\jdk1.8.0_162\jre\bin\java.dll
0x000000005c870000 - 0x000000005c893000 	D:\java\jdk1.8.0_162\jre\bin\instrument.dll
0x000000005c930000 - 0x000000005c946000 	D:\java\jdk1.8.0_162\jre\bin\zip.dll
0x00007ff8eacb0000 - 0x00007ff8ec0f0000 	C:\WINDOWS\System32\SHELL32.dll
0x00007ff8ec0f0000 - 0x00007ff8ec199000 	C:\WINDOWS\System32\shcore.dll
0x00007ff8e9fb0000 - 0x00007ff8ea6bd000 	C:\WINDOWS\System32\windows.storage.dll
0x00007ff8eac50000 - 0x00007ff8eaca1000 	C:\WINDOWS\System32\shlwapi.dll
0x00007ff8e9840000 - 0x00007ff8e9851000 	C:\WINDOWS\System32\kernel.appcore.dll
0x00007ff8e9860000 - 0x00007ff8e987f000 	C:\WINDOWS\System32\profapi.dll
0x00007ff8e98a0000 - 0x00007ff8e98ec000 	C:\WINDOWS\System32\powrprof.dll
0x00007ff8e9830000 - 0x00007ff8e983a000 	C:\WINDOWS\System32\FLTLIB.DLL
0x00007ff8e7b30000 - 0x00007ff8e7b4a000 	D:\Program Files\JetBrains\IntelliJ IDEA 2018.1.5\bin\breakgen64.dll
0x000000005c910000 - 0x000000005c92a000 	D:\java\jdk1.8.0_162\jre\bin\net.dll
0x00007ff8e9050000 - 0x00007ff8e90b6000 	C:\WINDOWS\system32\mswsock.dll
0x00007ff8e9210000 - 0x00007ff8e9227000 	C:\WINDOWS\SYSTEM32\CRYPTSP.dll
0x00007ff8e8c30000 - 0x00007ff8e8c63000 	C:\WINDOWS\system32\rsaenh.dll
0x00007ff8e9330000 - 0x00007ff8e9355000 	C:\WINDOWS\SYSTEM32\bcrypt.dll
0x00007ff8e9730000 - 0x00007ff8e9758000 	C:\WINDOWS\SYSTEM32\USERENV.dll
0x00007ff8e9200000 - 0x00007ff8e920b000 	C:\WINDOWS\SYSTEM32\CRYPTBASE.dll
0x00007ff8e8dd0000 - 0x00007ff8e8e08000 	C:\WINDOWS\SYSTEM32\IPHLPAPI.DLL
0x00007ff8ed4e0000 - 0x00007ff8ed4e8000 	C:\WINDOWS\System32\NSI.dll
0x00007ff8e2c30000 - 0x00007ff8e2c46000 	C:\WINDOWS\SYSTEM32\dhcpcsvc6.DLL
0x00007ff8e2c10000 - 0x00007ff8e2c2a000 	C:\WINDOWS\SYSTEM32\dhcpcsvc.DLL
0x000000005c8f0000 - 0x000000005c901000 	D:\java\jdk1.8.0_162\jre\bin\nio.dll
0x00007ff8e6520000 - 0x00007ff8e652a000 	C:\Users\yuanyang\AppData\Local\Temp\jansi-1.17.1-3122439885457238438.dll
0x00007ff8e64f0000 - 0x00007ff8e64fa000 	C:\Users\yuanyang\AppData\Local\Temp\jansi-1.17.1-9213282330709312686.dll
0x00007ff8e8e10000 - 0x00007ff8e8ece000 	C:\WINDOWS\SYSTEM32\DNSAPI.dll
0x00007ff8e0180000 - 0x00007ff8e018a000 	C:\Windows\System32\rasadhlp.dll
0x00007ff8e01c0000 - 0x00007ff8e0232000 	C:\WINDOWS\System32\fwpuclnt.dll
0x000000005c850000 - 0x000000005c85d000 	D:\java\jdk1.8.0_162\jre\bin\management.dll
0x00007ff8d91f0000 - 0x00007ff8d9206000 	C:\WINDOWS\system32\napinsp.dll
0x00007ff8d9010000 - 0x00007ff8d902a000 	C:\WINDOWS\system32\pnrpnsp.dll
0x00007ff8e6370000 - 0x00007ff8e6389000 	C:\WINDOWS\system32\NLAapi.dll
0x00007ff8d90b0000 - 0x00007ff8d90be000 	C:\WINDOWS\System32\winrnr.dll

VM Arguments:
jvm_args: -Dmaven.multiModuleProjectDirectory=E:\个人项目\springCloud\Serice Feign -Dmaven.home=D:\Maven\apache-maven-3.6.1 -Dclassworlds.conf=D:\Maven\apache-maven-3.6.1\bin\m2.conf -javaagent:D:\Program Files\JetBrains\IntelliJ IDEA 2018.1.5\lib\idea_rt.jar=52732:D:\Program Files\JetBrains\IntelliJ IDEA 2018.1.5\bin -Dfile.encoding=UTF-8 
java_command: org.codehaus.classworlds.Launcher -Didea.version=2018.1.5 -s D:\Maven\apache-maven-3.6.1\conf\settings.xml org.springframework.boot:spring-boot-maven-plugin:1.5.2.RELEASE:run -f pom.xml
java_class_path (initial): D:\Maven\apache-maven-3.6.1\boot\plexus-classworlds-2.6.0.jar;D:\Program Files\JetBrains\IntelliJ IDEA 2018.1.5\lib\idea_rt.jar
Launcher Type: SUN_STANDARD

Environment Variables:
JAVA_HOME=D:\java\jdk1.8.0_162
PATH=C:\Program Files (x86)\NetSarang\Xftp 6\;D:\Xshell\;C:\WINDOWS\system32;C:\WINDOWS;C:\WINDOWS\System32\Wbem;C:\WINDOWS\System32\WindowsPowerShell\v1.0\;C:\WINDOWS\System32\OpenSSH\;D:\java\jdk1.8.0_162\bin;C:\Program Files\TortoiseSVN\bin;D:\Maven\apache-maven-3.6.1\bin;C:\Users\yuanyang\AppData\Local\Microsoft\WindowsApps;
USERNAME=yuanyang
OS=Windows_NT
PROCESSOR_IDENTIFIER=Intel64 Family 6 Model 158 Stepping 9, GenuineIntel



---------------  S Y S T E M  ---------------

OS: Windows 10.0 , 64 bit Build 17134 (10.0.17134.753)

CPU:total 4 (initial active 4) (4 cores per cpu, 1 threads per core) family 6 model 158 stepping 9, cmov, cx8, fxsr, mmx, sse, sse2, sse3, ssse3, sse4.1, sse4.2, popcnt, avx, avx2, aes, clmul, erms, rtm, 3dnowpref, lzcnt, tsc, tscinvbit, bmi1, bmi2, adx

Memory: 4k page, physical 8304712k(388640k free), swap 14756480k(5184k free)

vm_info: Java HotSpot(TM) 64-Bit Server VM (25.162-b12) for windows-amd64 JRE (1.8.0_162-b12), built on Dec 19 2017 20:00:03 by "java_re" with MS VC++ 10.0 (VS2010)

time: Tue May 21 16:29:21 2019
elapsed time: 7 seconds (0d 0h 0m 7s)

